[    5364ms] [LOG] JQMIGRATE: Migrate is installed, version 3.4.1 @ http://free-filter-plugin.local/wp-admin/load-scripts.php?c=0&load%5Bchunk_0%5D=wp-hooks,jquery-core,jquery-migrate,utils,underscore,wp-codemirror&ver=7.0:6
[    6111ms] [WARNING] `woocommerce_shared_settings` filter in Blocks is deprecated. See https://github.com/woocommerce/woocommerce-gutenberg-products-block/blob/trunk/docs/contributors/block-assets.md @ deprecated-shared-settings-error-js-after:1
[    6151ms] TypeError: url.toLowerCase is not a function
    at mapUrlToPlugin (http://free-filter-plugin.local/wp-content/plugins/plugency-dev-help/assets/js/script.js?ver=1779530057:8606:31)
    at add (http://free-filter-plugin.local/wp-content/plugins/plugency-dev-help/assets/js/script.js?ver=1779530057:8618:32)
    at Array.forEach (<anonymous>)
    at buildPluginAssets (http://free-filter-plugin.local/wp-content/plugins/plugency-dev-help/assets/js/script.js?ver=1779530057:8626:41)
    at renderPluginConflictUI (http://free-filter-plugin.local/wp-content/plugins/plugency-dev-help/assets/js/script.js?ver=1779530057:8734:28)
    at HTMLDocument.init (http://free-filter-plugin.local/wp-content/plugins/plugency-dev-help/assets/js/script.js?ver=1779530057:9307:9)
[  168701ms] [LOG] JQMIGRATE: Migrate is installed, version 3.4.1 @ http://free-filter-plugin.local/wp-admin/load-scripts.php?c=0&load%5Bchunk_0%5D=wp-hooks,jquery-core,jquery-migrate,utils,underscore,wp-codemirror&ver=7.0:6
[  169429ms] [WARNING] `woocommerce_shared_settings` filter in Blocks is deprecated. See https://github.com/woocommerce/woocommerce-gutenberg-products-block/blob/trunk/docs/contributors/block-assets.md @ deprecated-shared-settings-error-js-after:1
[  169476ms] TypeError: url.toLowerCase is not a function
    at mapUrlToPlugin (http://free-filter-plugin.local/wp-content/plugins/plugency-dev-help/assets/js/script.js?ver=1779530220:8606:31)
    at add (http://free-filter-plugin.local/wp-content/plugins/plugency-dev-help/assets/js/script.js?ver=1779530220:8618:32)
    at Array.forEach (<anonymous>)
    at buildPluginAssets (http://free-filter-plugin.local/wp-content/plugins/plugency-dev-help/assets/js/script.js?ver=1779530220:8626:41)
    at renderPluginConflictUI (http://free-filter-plugin.local/wp-content/plugins/plugency-dev-help/assets/js/script.js?ver=1779530220:8734:28)
    at HTMLDocument.init (http://free-filter-plugin.local/wp-content/plugins/plugency-dev-help/assets/js/script.js?ver=1779530220:9307:9)
[  262919ms] [LOG] JQMIGRATE: Migrate is installed, version 3.4.1 @ http://free-filter-plugin.local/wp-admin/load-scripts.php?c=0&load%5Bchunk_0%5D=wp-hooks,jquery-core,jquery-migrate,utils,underscore,wp-codemirror&ver=7.0:6
[  263338ms] [WARNING] `woocommerce_shared_settings` filter in Blocks is deprecated. See https://github.com/woocommerce/woocommerce-gutenberg-products-block/blob/trunk/docs/contributors/block-assets.md @ deprecated-shared-settings-error-js-after:1
[  263383ms] TypeError: url.toLowerCase is not a function
    at mapUrlToPlugin (http://free-filter-plugin.local/wp-content/plugins/plugency-dev-help/assets/js/script.js?ver=1779530313:8606:31)
    at add (http://free-filter-plugin.local/wp-content/plugins/plugency-dev-help/assets/js/script.js?ver=1779530313:8618:32)
    at Array.forEach (<anonymous>)
    at buildPluginAssets (http://free-filter-plugin.local/wp-content/plugins/plugency-dev-help/assets/js/script.js?ver=1779530313:8626:41)
    at renderPluginConflictUI (http://free-filter-plugin.local/wp-content/plugins/plugency-dev-help/assets/js/script.js?ver=1779530313:8734:28)
    at HTMLDocument.init (http://free-filter-plugin.local/wp-content/plugins/plugency-dev-help/assets/js/script.js?ver=1779530313:9307:9)
