[   15914ms] [LOG] JQMIGRATE: Migrate is installed, version 3.4.1 @ http://free-filter-plugin.local/wp-includes/js/jquery/jquery-migrate.min.js?ver=3.4.1:1
[   31684ms] [LOG] JQMIGRATE: Migrate is installed, version 3.4.1 @ http://free-filter-plugin.local/wp-includes/js/jquery/jquery-migrate.min.js?ver=3.4.1:1
[   44402ms] [LOG] JQMIGRATE: Migrate is installed, version 3.4.1 @ http://free-filter-plugin.local/wp-includes/js/jquery/jquery-migrate.min.js?ver=3.4.1:1
[   55735ms] [LOG] JQMIGRATE: Migrate is installed, version 3.4.1 @ http://free-filter-plugin.local/wp-includes/js/jquery/jquery-migrate.min.js?ver=3.4.1:1
[   68032ms] [LOG] JQMIGRATE: Migrate is installed, version 3.4.1 @ http://free-filter-plugin.local/wp-includes/js/jquery/jquery-migrate.min.js?ver=3.4.1:1
[   94064ms] [LOG] JQMIGRATE: Migrate is installed, version 3.4.1 @ http://free-filter-plugin.local/wp-includes/js/jquery/jquery-migrate.min.js?ver=3.4.1:1
[  137060ms] [LOG] JQMIGRATE: Migrate is installed, version 3.4.1 @ http://free-filter-plugin.local/wp-admin/load-scripts.php?c=0&load%5Bchunk_0%5D=wp-hooks,jquery-core,jquery-migrate,utils,underscore,wp-codemirror&ver=7.0:6
[  140183ms] [WARNING] `woocommerce_shared_settings` filter in Blocks is deprecated. See https://github.com/woocommerce/woocommerce-gutenberg-products-block/blob/trunk/docs/contributors/block-assets.md @ deprecated-shared-settings-error-js-after:1
[  140222ms] TypeError: url.toLowerCase is not a function
    at mapUrlToPlugin (http://free-filter-plugin.local/wp-content/plugins/plugency-dev-help/assets/js/script.js?ver=1779522307:8606:31)
    at add (http://free-filter-plugin.local/wp-content/plugins/plugency-dev-help/assets/js/script.js?ver=1779522307:8618:32)
    at Array.forEach (<anonymous>)
    at buildPluginAssets (http://free-filter-plugin.local/wp-content/plugins/plugency-dev-help/assets/js/script.js?ver=1779522307:8626:41)
    at renderPluginConflictUI (http://free-filter-plugin.local/wp-content/plugins/plugency-dev-help/assets/js/script.js?ver=1779522307:8734:28)
    at HTMLDocument.init (http://free-filter-plugin.local/wp-content/plugins/plugency-dev-help/assets/js/script.js?ver=1779522307:9307:9)
[  145846ms] [LOG] JQMIGRATE: Migrate is installed, version 3.4.1 @ http://free-filter-plugin.local/wp-admin/load-scripts.php?c=0&load%5Bchunk_0%5D=wp-hooks,jquery-core,jquery-migrate,utils,underscore,wp-codemirror&ver=7.0:6
[  146272ms] [WARNING] `woocommerce_shared_settings` filter in Blocks is deprecated. See https://github.com/woocommerce/woocommerce-gutenberg-products-block/blob/trunk/docs/contributors/block-assets.md @ deprecated-shared-settings-error-js-after:1
[  146324ms] TypeError: url.toLowerCase is not a function
    at mapUrlToPlugin (http://free-filter-plugin.local/wp-content/plugins/plugency-dev-help/assets/js/script.js?ver=1779522317:8606:31)
    at add (http://free-filter-plugin.local/wp-content/plugins/plugency-dev-help/assets/js/script.js?ver=1779522317:8618:32)
    at Array.forEach (<anonymous>)
    at buildPluginAssets (http://free-filter-plugin.local/wp-content/plugins/plugency-dev-help/assets/js/script.js?ver=1779522317:8626:41)
    at renderPluginConflictUI (http://free-filter-plugin.local/wp-content/plugins/plugency-dev-help/assets/js/script.js?ver=1779522317:8734:28)
    at HTMLDocument.init (http://free-filter-plugin.local/wp-content/plugins/plugency-dev-help/assets/js/script.js?ver=1779522317:9307:9)
[  152397ms] [LOG] JQMIGRATE: Migrate is installed, version 3.4.1 @ http://free-filter-plugin.local/wp-admin/load-scripts.php?c=0&load%5Bchunk_0%5D=wp-hooks,jquery-core,jquery-migrate,utils,underscore,wp-codemirror&ver=7.0:6
[  152872ms] [WARNING] `woocommerce_shared_settings` filter in Blocks is deprecated. See https://github.com/woocommerce/woocommerce-gutenberg-products-block/blob/trunk/docs/contributors/block-assets.md @ deprecated-shared-settings-error-js-after:1
[  152925ms] TypeError: url.toLowerCase is not a function
    at mapUrlToPlugin (http://free-filter-plugin.local/wp-content/plugins/plugency-dev-help/assets/js/script.js?ver=1779522323:8606:31)
    at add (http://free-filter-plugin.local/wp-content/plugins/plugency-dev-help/assets/js/script.js?ver=1779522323:8618:32)
    at Array.forEach (<anonymous>)
    at buildPluginAssets (http://free-filter-plugin.local/wp-content/plugins/plugency-dev-help/assets/js/script.js?ver=1779522323:8626:41)
    at renderPluginConflictUI (http://free-filter-plugin.local/wp-content/plugins/plugency-dev-help/assets/js/script.js?ver=1779522323:8734:28)
    at HTMLDocument.init (http://free-filter-plugin.local/wp-content/plugins/plugency-dev-help/assets/js/script.js?ver=1779522323:9307:9)
[ 5471673ms] [LOG] JQMIGRATE: Migrate is installed, version 3.4.1 @ http://free-filter-plugin.local/wp-admin/load-scripts.php?c=0&load%5Bchunk_0%5D=wp-hooks,jquery-core,jquery-migrate,utils,underscore,wp-codemirror&ver=7.0:6
[ 5478677ms] [WARNING] `woocommerce_shared_settings` filter in Blocks is deprecated. See https://github.com/woocommerce/woocommerce-gutenberg-products-block/blob/trunk/docs/contributors/block-assets.md @ deprecated-shared-settings-error-js-after:1
[ 5478722ms] TypeError: url.toLowerCase is not a function
    at mapUrlToPlugin (http://free-filter-plugin.local/wp-content/plugins/plugency-dev-help/assets/js/script.js?ver=1779527641:8606:31)
    at add (http://free-filter-plugin.local/wp-content/plugins/plugency-dev-help/assets/js/script.js?ver=1779527641:8618:32)
    at Array.forEach (<anonymous>)
    at buildPluginAssets (http://free-filter-plugin.local/wp-content/plugins/plugency-dev-help/assets/js/script.js?ver=1779527641:8626:41)
    at renderPluginConflictUI (http://free-filter-plugin.local/wp-content/plugins/plugency-dev-help/assets/js/script.js?ver=1779527641:8734:28)
    at HTMLDocument.init (http://free-filter-plugin.local/wp-content/plugins/plugency-dev-help/assets/js/script.js?ver=1779527641:9307:9)
